<?xml version="1.0" encoding="UTF-8"?>
<!-- Generated by org.testng.reporters.JUnitReportReporter -->
<testsuite hostname="LAPTOP-MK5BCJM0" failures="0" tests="1" name="test.cases.TC001_LoginTest" time="4.245" errors="0" timestamp="2025-07-03T14:46:10 BST" skipped="0">
  <testcase classname="test.cases.TC001_LoginTest" name="verifyLoginTest" time="4.245"/>
</testsuite> <!-- test.cases.TC001_LoginTest -->
