<?xml version="1.0" encoding="UTF-8"?>
<!-- Generated by org.testng.reporters.JUnitReportReporter -->
<testsuite hostname="LAPTOP-MK5BCJM0" failures="0" tests="1" name="test.cases.VerifyAddNewUser" time="16.149" errors="0" timestamp="2025-08-12T13:48:48 BST" skipped="0">
  <testcase classname="test.cases.VerifyAddNewUser" name="verifyLoginTest" time="16.149"/>
</testsuite> <!-- test.cases.VerifyAddNewUser -->
